# JRE version: OpenJDK Runtime Environment (17.0.15+6) (build 17.0.15+6-Ubuntu-0ubuntu122.04)
# Java VM: OpenJDK 64-Bit Server VM (17.0.15+6-Ubuntu-0ubuntu122.04, mixed mode, sharing, tiered, compressed oops, compressed class ptrs, g1 gc, linux-amd64)
GC Precious Log:
 CPUs: 2 total, 2 available
 Memory: 3877M
 Large Page Support: Disabled
 NUMA Support: Disabled
 Compressed Oops: Enabled (32-bit)
 Heap Region Size: 1M
 Heap Min Capacity: 256M
 Heap Initial Capacity: 256M
 Heap Max Capacity: 512M
 Pre-touch: Disabled
 Parallel Workers: 2
 Concurrent Workers: 1
 Concurrent Refinement Workers: 2
 Periodic GC: Disabled
Heap:
 garbage-first heap   total 264192K, used 29573K [0x00000000e0000000, 0x0000000100000000)
  region size 1024K, 21 young (21504K), 14 survivors (14336K)
 Metaspace       used 20577K, committed 20928K, reserved 393216K
  class space    used 3006K, committed 3136K, reserved 327680K
GC Heap History (6 events):
Event: 0,522 GC heap before
{Heap before GC invocations=0 (full 0):
 garbage-first heap   total 264192K, used 12212K [0x00000000e0000000, 0x0000000100000000)
  region size 1024K, 12 young (12288K), 0 survivors (0K)
 Metaspace       used 759K, committed 896K, reserved 393216K
  class space    used 62K, committed 128K, reserved 327680K
}
Event: 0,529 GC heap after
{Heap after GC invocations=1 (full 0):
 garbage-first heap   total 264192K, used 1836K [0x00000000e0000000, 0x0000000100000000)
  region size 1024K, 1 young (1024K), 1 survivors (1024K)
 Metaspace       used 759K, committed 896K, reserved 393216K
  class space    used 62K, committed 128K, reserved 327680K
}
Event: 1,109 GC heap before
{Heap before GC invocations=1 (full 0):
 garbage-first heap   total 264192K, used 18220K [0x00000000e0000000, 0x0000000100000000)
  region size 1024K, 15 young (15360K), 1 survivors (1024K)
 Metaspace       used 1435K, committed 1600K, reserved 393216K
  class space    used 119K, committed 192K, reserved 327680K
}
Event: 1,119 GC heap after
{Heap after GC invocations=2 (full 0):
 garbage-first heap   total 264192K, used 10214K [0x00000000e0000000, 0x0000000100000000)
  region size 1024K, 2 young (2048K), 2 survivors (2048K)
 Metaspace       used 1435K, committed 1600K, reserved 393216K
  class space    used 119K, committed 192K, reserved 327680K
}
Event: 9,715 GC heap before
{Heap before GC invocations=2 (full 0):
 garbage-first heap   total 264192K, used 166886K [0x00000000e0000000, 0x0000000100000000)
  region size 1024K, 153 young (156672K), 2 survivors (2048K)
 Metaspace       used 19844K, committed 20224K, reserved 393216K
  class space    used 2902K, committed 3072K, reserved 327680K
}
Event: 9,781 GC heap after
{Heap after GC invocations=3 (full 0):
 garbage-first heap   total 264192K, used 23429K [0x00000000e0000000, 0x0000000100000000)
  region size 1024K, 14 young (14336K), 14 survivors (14336K)
 Metaspace       used 19844K, committed 20224K, reserved 393216K
  class space    used 2902K, committed 3072K, reserved 327680K
}

